<?xml version="1.0" encoding="UTF-8"?>
<!-- Generated by org.testng.reporters.JUnitReportReporter -->
<testsuite skipped="0" hostname="DESKTOP-MRA5IC8" name="TestCases.Test1" tests="1" failures="0" timestamp="30 Aug 2021 13:40:31 GMT" time="0.257" errors="0">
  <testcase name="setup" time="0.257" classname="TestCases.Test1"/>
</testsuite> <!-- TestCases.Test1 -->
