<?xml version="1.0" encoding="UTF-8"?>
<!-- Generated by org.testng.reporters.JUnitReportReporter -->
<testsuite skipped="0" hostname="DESKTOP-MRA5IC8" name="TestCases.LoginTest" tests="1" failures="0" timestamp="23 Oct 2021 12:01:59 GMT" time="8.780" errors="0">
  <testcase name="Login" time="8.780" classname="TestCases.LoginTest"/>
</testsuite> <!-- TestCases.LoginTest -->
