<?xml version="1.0" encoding="UTF-8"?>
<!-- Generated by org.testng.reporters.JUnitReportReporter -->
<testsuite skipped="0" hostname="DESKTOP-MRA5IC8" name="TestCases.LoginTest" tests="1" failures="0" timestamp="2021-10-25T10:17:58 IST" time="10.937" errors="0">
  <testcase name="Login" time="10.937" classname="TestCases.LoginTest"/>
</testsuite> <!-- TestCases.LoginTest -->
